TN:
SF:src/App.jsx
FN:13,App
FNF:1
FNH:0
FNDA:0,App
DA:14,0
LF:1
LH:0
BRF:0
BRH:0
end_of_record
TN:
SF:src/components/auth/ProtectedRoute.jsx
FN:5,(anonymous_0)
FN:22,(anonymous_1)
FNF:2
FNH:0
FNDA:0,(anonymous_0)
FNDA:0,(anonymous_1)
DA:5,0
DA:6,0
DA:7,0
DA:9,0
DA:17,0
DA:18,0
DA:22,0
DA:23,0
DA:24,0
DA:25,0
DA:26,0
LF:11
LH:0
BRDA:9,0,0,0
BRDA:9,0,1,0
BRDA:17,1,0,0
BRDA:17,1,1,0
BRDA:24,2,0,0
BRDA:24,2,1,0
BRDA:25,3,0,0
BRDA:25,3,1,0
BRF:8
BRH:0
end_of_record
TN:
SF:src/components/layout/AppLayout.jsx
FN:14,(anonymous_0)
FN:19,(anonymous_1)
FN:25,(anonymous_2)
FN:25,(anonymous_3)
FN:33,(anonymous_4)
FN:46,(anonymous_5)
FN:47,(anonymous_6)
FN:48,(anonymous_7)
FNF:8
FNH:0
FNDA:0,(anonymous_0)
FNDA:0,(anonymous_1)
FNDA:0,(anonymous_2)
FNDA:0,(anonymous_3)
FNDA:0,(anonymous_4)
FNDA:0,(anonymous_5)
FNDA:0,(anonymous_6)
FNDA:0,(anonymous_7)
DA:7,0
DA:14,0
DA:15,0
DA:16,0
DA:17,0
DA:19,0
DA:21,0
DA:25,0
DA:33,0
DA:46,0
DA:48,0
LF:11
LH:0
BRDA:26,0,0,0
BRDA:26,0,1,0
BRDA:29,1,0,0
BRDA:29,1,1,0
BRDA:33,2,0,0
BRDA:33,2,1,0
BRDA:36,3,0,0
BRDA:36,3,1,0
BRDA:41,4,0,0
BRDA:41,4,1,0
BRDA:42,5,0,0
BRDA:42,5,1,0
BRDA:48,6,0,0
BRDA:48,6,1,0
BRDA:57,7,0,0
BRDA:57,7,1,0
BRDA:59,8,0,0
BRDA:59,8,1,0
BRDA:62,9,0,0
BRDA:62,9,1,0
BRF:20
BRH:0
end_of_record
TN:
SF:src/pages/DashboardPage.jsx
FN:13,(anonymous_0)
FN:21,(anonymous_1)
FN:26,(anonymous_2)
FN:62,(anonymous_3)
FN:104,(anonymous_4)
FNF:5
FNH:0
FNDA:0,(anonymous_0)
FNDA:0,(anonymous_1)
FNDA:0,(anonymous_2)
FNDA:0,(anonymous_3)
FNDA:0,(anonymous_4)
DA:13,0
DA:14,0
DA:18,0
DA:21,0
DA:22,0
DA:23,0
DA:24,0
DA:25,0
DA:26,0
DA:29,0
DA:36,0
DA:37,0
DA:39,0
DA:63,0
DA:105,0
LF:15
LH:0
BRDA:33,0,0,0
BRDA:33,0,1,0
BRDA:44,1,0,0
BRDA:44,1,1,0
BRDA:49,2,0,0
BRDA:49,2,1,0
BRDA:55,3,0,0
BRDA:55,3,1,0
BRDA:74,4,0,0
BRDA:74,4,1,0
BRDA:101,5,0,0
BRDA:101,5,1,0
BRDA:110,6,0,0
BRDA:110,6,1,0
BRF:14
BRH:0
end_of_record
TN:
SF:src/pages/FinancesPage.jsx
FN:14,(anonymous_0)
FN:30,(anonymous_1)
FN:34,(anonymous_2)
FN:37,(anonymous_3)
FN:41,(anonymous_4)
FN:48,(anonymous_5)
FN:58,(anonymous_6)
FN:59,(anonymous_7)
FN:74,(anonymous_8)
FN:77,(anonymous_9)
FN:109,(anonymous_10)
FN:110,(anonymous_11)
FN:120,(anonymous_12)
FN:128,(anonymous_13)
FN:146,(anonymous_14)
FN:154,(anonymous_15)
FN:170,(anonymous_16)
FN:180,(anonymous_17)
FN:192,(anonymous_18)
FN:193,(anonymous_19)
FN:199,(anonymous_20)
FN:199,(anonymous_21)
FN:201,(anonymous_22)
FN:206,(anonymous_23)
FN:206,(anonymous_24)
FN:210,(anonymous_25)
FN:210,(anonymous_26)
FN:213,(anonymous_27)
FN:224,(anonymous_28)
FN:225,(anonymous_29)
FN:231,(anonymous_30)
FN:231,(anonymous_31)
FN:235,(anonymous_32)
FN:235,(anonymous_33)
FN:237,(anonymous_34)
FN:244,(anonymous_35)
FN:244,(anonymous_36)
FN:247,(anonymous_37)
FNF:38
FNH:9
FNDA:14,(anonymous_0)
FNDA:6,(anonymous_1)
FNDA:6,(anonymous_2)
FNDA:0,(anonymous_3)
FNDA:0,(anonymous_4)
FNDA:0,(anonymous_5)
FNDA:42,(anonymous_6)
FNDA:0,(anonymous_7)
FNDA:1,(anonymous_8)
FNDA:1,(anonymous_9)
FNDA:42,(anonymous_10)
FNDA:0,(anonymous_11)
FNDA:0,(anonymous_12)
FNDA:0,(anonymous_13)
FNDA:0,(anonymous_14)
FNDA:0,(anonymous_15)
FNDA:0,(anonymous_16)
FNDA:0,(anonymous_17)
FNDA:0,(anonymous_18)
FNDA:0,(anonymous_19)
FNDA:0,(anonymous_20)
FNDA:0,(anonymous_21)
FNDA:1,(anonymous_22)
FNDA:0,(anonymous_23)
FNDA:0,(anonymous_24)
FNDA:0,(anonymous_25)
FNDA:0,(anonymous_26)
FNDA:0,(anonymous_27)
FNDA:0,(anonymous_28)
FNDA:0,(anonymous_29)
FNDA:0,(anonymous_30)
FNDA:0,(anonymous_31)
FNDA:0,(anonymous_32)
FNDA:0,(anonymous_33)
FNDA:6,(anonymous_34)
FNDA:0,(anonymous_35)
FNDA:0,(anonymous_36)
FNDA:0,(anonymous_37)
DA:12,1
DA:14,1
DA:15,14
DA:19,14
DA:22,14
DA:23,14
DA:24,14
DA:25,14
DA:26,14
DA:27,14
DA:28,14
DA:30,14
DA:31,6
DA:32,6
DA:33,6
DA:34,6
DA:37,14
DA:38,0
DA:39,0
DA:40,0
DA:41,0
DA:42,0
DA:43,0
DA:44,0
DA:45,0
DA:48,14
DA:49,0
DA:50,0
DA:51,0
DA:52,0
DA:53,0
DA:54,0
DA:55,0
DA:58,42
DA:59,14
DA:60,0
DA:61,0
DA:62,0
DA:65,14
DA:74,1
DA:77,1
DA:110,42
DA:121,0
DA:128,0
DA:147,0
DA:154,0
DA:171,0
DA:181,0
DA:192,0
DA:193,0
DA:199,0
DA:201,1
DA:206,0
DA:210,0
DA:213,0
DA:224,0
DA:225,0
DA:231,0
DA:235,0
DA:238,6
DA:244,0
DA:247,0
LF:62
LH:26
BRDA:39,0,0,0
BRDA:39,0,1,0
BRDA:39,1,0,0
BRDA:39,1,1,0
BRDA:50,2,0,0
BRDA:50,2,1,0
BRDA:50,3,0,0
BRDA:50,3,1,0
BRDA:60,4,0,0
BRDA:60,4,1,0
BRDA:61,5,0,0
BRDA:61,5,1,0
BRDA:72,6,0,14
BRDA:72,6,1,10
BRDA:99,7,0,14
BRDA:99,7,1,0
BRDA:110,8,0,14
BRDA:110,8,1,28
BRDA:114,9,0,14
BRDA:114,9,1,0
BRDA:117,10,0,0
BRDA:117,10,1,0
BRDA:119,11,0,0
BRDA:119,11,1,0
BRDA:122,12,0,0
BRDA:122,12,1,0
BRDA:124,13,0,0
BRDA:124,13,1,0
BRDA:126,14,0,0
BRDA:126,14,1,0
BRDA:140,15,0,14
BRDA:140,15,1,0
BRDA:143,16,0,0
BRDA:143,16,1,0
BRDA:145,17,0,0
BRDA:145,17,1,0
BRDA:149,18,0,0
BRDA:149,18,1,0
BRDA:152,19,0,0
BRDA:152,19,1,0
BRDA:166,20,0,14
BRDA:166,20,1,14
BRDA:176,21,0,14
BRDA:176,21,1,14
BRDA:186,22,0,14
BRDA:186,22,1,14
BRDA:191,23,0,14
BRDA:191,23,1,1
BRDA:195,24,0,1
BRDA:195,24,1,0
BRDA:215,25,0,0
BRDA:215,25,1,1
BRDA:223,26,0,14
BRDA:223,26,1,1
BRDA:227,27,0,1
BRDA:227,27,1,0
BRDA:249,28,0,0
BRDA:249,28,1,1
BRF:58
BRH:21
end_of_record
TN:
SF:src/pages/LoginPage.jsx
FN:6,(anonymous_0)
FN:17,(anonymous_1)
FNF:2
FNH:2
FNDA:9,(anonymous_0)
FNDA:2,(anonymous_1)
DA:6,1
DA:7,9
DA:8,9
DA:9,9
DA:10,9
DA:12,9
DA:13,9
DA:15,9
DA:17,9
DA:18,2
DA:19,2
DA:20,2
DA:21,1
DA:23,1
DA:24,1
DA:25,1
DA:26,2
DA:29,9
LF:18
LH:18
BRDA:7,0,0,9
BRDA:10,1,0,9
BRDA:10,1,1,9
BRDA:15,2,0,0
BRDA:15,2,1,9
BRDA:24,3,0,1
BRDA:24,3,1,1
BRDA:25,4,0,1
BRDA:25,4,1,0
BRDA:40,5,0,9
BRDA:40,5,1,1
BRDA:41,6,0,9
BRDA:41,6,1,0
BRDA:52,7,0,9
BRDA:52,7,1,7
BRDA:61,8,0,2
BRDA:61,8,1,7
BRF:17
BRH:14
end_of_record
TN:
SF:src/pages/MembersPage.jsx
FN:9,(anonymous_0)
FN:15,(anonymous_1)
FN:17,(anonymous_2)
FN:22,(anonymous_3)
FN:29,(anonymous_4)
FN:47,(anonymous_5)
FN:66,(anonymous_6)
FN:94,(anonymous_7)
FN:102,(anonymous_8)
FNF:9
FNH:5
FNDA:15,(anonymous_0)
FNDA:7,(anonymous_1)
FNDA:6,(anonymous_2)
FNDA:0,(anonymous_3)
FNDA:0,(anonymous_4)
FNDA:1,(anonymous_5)
FNDA:5,(anonymous_6)
FNDA:0,(anonymous_7)
FNDA:0,(anonymous_8)
DA:9,1
DA:10,15
DA:11,15
DA:12,15
DA:13,15
DA:15,15
DA:17,15
DA:18,6
DA:22,15
DA:23,0
DA:24,0
DA:25,0
DA:26,0
DA:29,15
DA:30,0
DA:31,0
DA:32,0
DA:33,0
DA:36,15
DA:47,1
DA:67,5
DA:94,0
DA:102,0
LF:23
LH:13
BRDA:18,0,0,6
BRDA:18,0,1,1
BRDA:23,1,0,0
BRDA:23,1,1,0
BRDA:30,2,0,0
BRDA:30,2,1,0
BRDA:41,3,0,9
BRDA:41,3,1,6
BRDA:59,4,0,15
BRDA:59,4,1,7
BRDA:63,5,0,15
BRDA:63,5,1,10
BRDA:64,6,0,2
BRDA:64,6,1,8
BRDA:70,7,0,0
BRDA:70,7,1,5
BRDA:72,8,0,5
BRDA:72,8,1,0
BRDA:81,9,0,0
BRDA:81,9,1,5
BRDA:82,10,0,0
BRDA:82,10,1,5
BRDA:87,11,0,5
BRDA:87,11,1,0
BRDA:89,12,0,5
BRDA:89,12,1,5
BRDA:98,13,0,0
BRDA:98,13,1,5
BRDA:117,14,0,15
BRDA:117,14,1,8
BRF:30
BRH:20
end_of_record
TN:
SF:src/pages/NotFoundPage.jsx
FN:3,(anonymous_0)
FNF:1
FNH:1
FNDA:2,(anonymous_0)
DA:3,1
DA:4,2
LF:2
LH:2
BRF:0
BRH:0
end_of_record
TN:
SF:src/pages/RemindersPage.jsx
FN:10,(anonymous_0)
FN:18,(anonymous_1)
FN:20,(anonymous_2)
FN:30,(anonymous_3)
FN:31,(anonymous_4)
FN:33,(anonymous_5)
FN:41,(anonymous_6)
FN:62,(anonymous_7)
FN:72,(anonymous_8)
FN:80,(anonymous_9)
FN:89,(anonymous_10)
FN:96,(anonymous_11)
FN:97,(anonymous_12)
FN:103,(anonymous_13)
FN:103,(anonymous_14)
FN:107,(anonymous_15)
FN:107,(anonymous_16)
FN:111,(anonymous_17)
FN:111,(anonymous_18)
FN:115,(anonymous_19)
FN:115,(anonymous_20)
FN:118,(anonymous_21)
FNF:22
FNH:5
FNDA:15,(anonymous_0)
FNDA:6,(anonymous_1)
FNDA:1,(anonymous_2)
FNDA:0,(anonymous_3)
FNDA:0,(anonymous_4)
FNDA:0,(anonymous_5)
FNDA:0,(anonymous_6)
FNDA:2,(anonymous_7)
FNDA:0,(anonymous_8)
FNDA:0,(anonymous_9)
FNDA:0,(anonymous_10)
FNDA:0,(anonymous_11)
FNDA:1,(anonymous_12)
FNDA:0,(anonymous_13)
FNDA:0,(anonymous_14)
FNDA:0,(anonymous_15)
FNDA:0,(anonymous_16)
FNDA:0,(anonymous_17)
FNDA:0,(anonymous_18)
FNDA:0,(anonymous_19)
FNDA:0,(anonymous_20)
FNDA:0,(anonymous_21)
DA:10,1
DA:11,15
DA:12,15
DA:13,15
DA:14,15
DA:15,15
DA:16,15
DA:18,15
DA:20,15
DA:21,1
DA:22,1
DA:23,0
DA:24,0
DA:25,0
DA:26,0
DA:27,0
DA:30,15
DA:31,15
DA:33,15
DA:34,0
DA:41,0
DA:54,15
DA:62,2
DA:72,0
DA:80,0
DA:89,0
DA:96,0
DA:97,1
DA:103,0
DA:107,0
DA:111,0
DA:115,0
DA:118,0
LF:33
LH:17
BRDA:22,0,0,1
BRDA:22,0,1,0
BRDA:22,1,0,1
BRDA:22,1,1,0
BRDA:34,2,0,0
BRDA:34,2,1,0
BRDA:40,3,0,0
BRDA:40,3,1,0
BRDA:48,4,0,0
BRDA:48,4,1,0
BRDA:49,5,0,0
BRDA:49,5,1,0
BRDA:61,6,0,15
BRDA:61,6,1,9
BRDA:68,7,0,15
BRDA:68,7,1,15
BRDA:68,7,2,15
BRDA:72,8,0,15
BRDA:72,8,1,9
BRDA:76,9,0,15
BRDA:76,9,1,0
BRDA:85,10,0,15
BRDA:85,10,1,0
BRDA:95,11,0,15
BRDA:95,11,1,3
BRDA:99,12,0,3
BRDA:99,12,1,1
BRDA:120,13,0,0
BRDA:120,13,1,3
BRF:29
BRH:16
end_of_record
TN:
SF:src/store/AuthContext.jsx
FN:10,(anonymous_0)
FN:15,(anonymous_1)
FN:20,(anonymous_2)
FN:34,(anonymous_3)
FN:60,(anonymous_4)
FN:76,(anonymous_5)
FNF:6
FNH:0
FNDA:0,(anonymous_0)
FNDA:0,(anonymous_1)
FNDA:0,(anonymous_2)
FNDA:0,(anonymous_3)
FNDA:0,(anonymous_4)
FNDA:0,(anonymous_5)
DA:8,0
DA:10,0
DA:11,0
DA:12,0
DA:13,0
DA:15,0
DA:16,0
DA:17,0
DA:20,0
DA:21,0
DA:22,0
DA:23,0
DA:24,0
DA:26,0
DA:27,0
DA:29,0
DA:31,0
DA:34,0
DA:35,0
DA:36,0
DA:39,0
DA:40,0
DA:41,0
DA:44,0
DA:45,0
DA:46,0
DA:54,0
DA:55,0
DA:56,0
DA:57,0
DA:60,0
DA:61,0
DA:62,0
DA:63,0
DA:64,0
DA:67,0
DA:69,0
DA:76,0
DA:77,0
DA:78,0
DA:79,0
LF:41
LH:0
BRDA:16,0,0,0
BRDA:16,0,1,0
BRDA:21,1,0,0
BRDA:21,1,1,0
BRDA:35,2,0,0
BRDA:35,2,1,0
BRDA:45,3,0,0
BRDA:45,3,1,0
BRDA:61,4,0,0
BRDA:61,4,1,0
BRDA:78,5,0,0
BRDA:78,5,1,0
BRF:12
BRH:0
end_of_record
TN:
SF:src/store/useChamaStore.js
FN:4,(anonymous_0)
FN:10,(anonymous_1)
FN:11,(anonymous_2)
FN:12,(anonymous_3)
FN:13,(anonymous_4)
FN:16,(anonymous_5)
FN:17,(anonymous_6)
FN:19,(anonymous_7)
FN:20,(anonymous_8)
FN:22,(anonymous_9)
FN:25,(anonymous_10)
FN:28,(anonymous_11)
FN:29,(anonymous_12)
FN:32,(anonymous_13)
FN:33,(anonymous_14)
FN:35,(anonymous_15)
FN:37,(anonymous_16)
FN:43,(anonymous_17)
FN:44,(anonymous_18)
FNF:19
FNH:18
FNDA:2,(anonymous_0)
FNDA:14,(anonymous_1)
FNDA:14,(anonymous_2)
FNDA:10,(anonymous_3)
FNDA:8,(anonymous_4)
FNDA:47,(anonymous_5)
FNDA:5,(anonymous_6)
FNDA:46,(anonymous_7)
FNDA:4,(anonymous_8)
FNDA:31,(anonymous_9)
FNDA:1,(anonymous_10)
FNDA:2,(anonymous_11)
FNDA:0,(anonymous_12)
FNDA:2,(anonymous_13)
FNDA:4,(anonymous_14)
FNDA:1,(anonymous_15)
FNDA:3,(anonymous_16)
FNDA:1,(anonymous_17)
FNDA:2,(anonymous_18)
DA:4,2
DA:10,14
DA:11,14
DA:12,10
DA:13,8
DA:17,47
DA:20,46
DA:23,31
DA:26,1
DA:27,1
DA:28,2
DA:29,0
DA:33,4
DA:36,1
DA:37,1
DA:38,3
DA:39,3
DA:40,3
DA:42,1
DA:43,1
DA:44,2
LF:21
LH:20
BRDA:17,0,0,5
BRDA:17,0,1,0
BRDA:20,1,0,4
BRDA:20,1,1,0
BRDA:38,2,0,3
BRDA:38,2,1,0
BRDA:40,3,0,3
BRDA:40,3,1,2
BRDA:40,4,0,3
BRDA:40,4,1,0
BRF:10
BRH:6
end_of_record
TN:
SF:src/utils/firestoreService.js
FN:15,(anonymous_0)
FN:25,(anonymous_1)
FN:32,(anonymous_2)
FN:38,(anonymous_3)
FN:38,(anonymous_4)
FN:41,(anonymous_5)
FN:45,(anonymous_6)
FN:46,(anonymous_7)
FN:56,(anonymous_8)
FN:62,(anonymous_9)
FN:68,(anonymous_10)
FN:73,(anonymous_11)
FN:79,(anonymous_12)
FN:85,(anonymous_13)
FN:90,(anonymous_14)
FN:96,(anonymous_15)
FN:101,(anonymous_16)
FNF:17
FNH:0
FNDA:0,(anonymous_0)
FNDA:0,(anonymous_1)
FNDA:0,(anonymous_2)
FNDA:0,(anonymous_3)
FNDA:0,(anonymous_4)
FNDA:0,(anonymous_5)
FNDA:0,(anonymous_6)
FNDA:0,(anonymous_7)
FNDA:0,(anonymous_8)
FNDA:0,(anonymous_9)
FNDA:0,(anonymous_10)
FNDA:0,(anonymous_11)
FNDA:0,(anonymous_12)
FNDA:0,(anonymous_13)
FNDA:0,(anonymous_14)
FNDA:0,(anonymous_15)
FNDA:0,(anonymous_16)
DA:15,0
DA:16,0
DA:17,0
DA:20,0
DA:21,0
DA:22,0
DA:23,0
DA:25,0
DA:26,0
DA:27,0
DA:28,0
DA:29,0
DA:32,0
DA:33,0
DA:34,0
DA:35,0
DA:38,0
DA:39,0
DA:40,0
DA:41,0
DA:44,0
DA:45,0
DA:46,0
DA:48,0
DA:51,0
DA:52,0
DA:53,0
DA:54,0
DA:56,0
DA:57,0
DA:58,0
DA:59,0
DA:62,0
DA:63,0
DA:64,0
DA:65,0
DA:68,0
DA:69,0
DA:70,0
DA:73,0
DA:74,0
DA:75,0
DA:76,0
DA:79,0
DA:80,0
DA:81,0
DA:82,0
DA:85,0
DA:86,0
DA:87,0
DA:90,0
DA:91,0
DA:92,0
DA:93,0
DA:96,0
DA:97,0
DA:98,0
DA:101,0
DA:102,0
DA:103,0
DA:104,0
LF:61
LH:0
BRDA:16,0,0,0
BRDA:16,0,1,0
BRDA:20,1,0,0
BRDA:20,1,1,0
BRDA:21,2,0,0
BRDA:21,2,1,0
BRDA:22,3,0,0
BRDA:22,3,1,0
BRDA:23,4,0,0
BRDA:23,4,1,0
BRDA:26,5,0,0
BRDA:26,5,1,0
BRDA:29,6,0,0
BRDA:29,6,1,0
BRDA:38,7,0,0
BRDA:38,8,0,0
BRDA:39,9,0,0
BRDA:39,9,1,0
BRF:18
BRH:0
end_of_record
